!SESSION 2026-05-05 07:27:43.605 -----------------------------------------------
eclipse.buildId=unknown
java.version=21.0.10
java.vendor=Ubuntu
BootLoader constants: OS=linux, ARCH=x86_64, WS=gtk, NL=en
Framework arguments:  -jar plugins/org.eclipse.equinox.launcher.qualifier.jar
Command-line arguments:  -os linux -ws gtk -arch x86_64 -consoleLog -clean -console -jar plugins/org.eclipse.equinox.launcher.qualifier.jar

!ENTRY de.dhbw.pdv.k.rfid.gpio 4 0 2026-05-05 07:27:44.597
!MESSAGE bundle de.dhbw.pdv.k.rfid.gpio:1.0.0.202605050727 (2)[de.dhbw.pdv.k.rfid.gpio.GPIOCommands(0)] : Error during instantiation of the implementation object
!STACK 0
java.lang.reflect.InvocationTargetException
	at java.base/jdk.internal.reflect.DirectConstructorHandleAccessor.newInstance(DirectConstructorHandleAccessor.java:74)
	at java.base/java.lang.reflect.Constructor.newInstanceWithCaller(Constructor.java:502)
	at java.base/java.lang.reflect.Constructor.newInstance(Constructor.java:486)
	at org.apache.felix.scr.impl.inject.internal.ComponentConstructorImpl.newInstance(ComponentConstructorImpl.java:326)
	at org.apache.felix.scr.impl.manager.SingleComponentManager.createImplementationObject(SingleComponentManager.java:286)
	at org.apache.felix.scr.impl.manager.SingleComponentManager.createComponent(SingleComponentManager.java:115)
	at org.apache.felix.scr.impl.manager.SingleComponentManager.getService(SingleComponentManager.java:1002)
	at org.apache.felix.scr.impl.manager.SingleComponentManager.getServiceInternal(SingleComponentManager.java:975)
	at org.apache.felix.scr.impl.manager.SingleComponentManager.getService(SingleComponentManager.java:920)
	at org.eclipse.osgi.internal.serviceregistry.ServiceFactoryUse$1.run(ServiceFactoryUse.java:229)
	at java.base/java.security.AccessController.doPrivileged(AccessController.java:319)
	at org.eclipse.osgi.internal.serviceregistry.ServiceFactoryUse.factoryGetService(ServiceFactoryUse.java:226)
	at org.eclipse.osgi.internal.serviceregistry.ServiceFactoryUse.getService(ServiceFactoryUse.java:120)
	at org.eclipse.osgi.internal.serviceregistry.ServiceConsumer$2.getService(ServiceConsumer.java:48)
	at org.eclipse.osgi.internal.serviceregistry.ServiceRegistrationImpl.getService(ServiceRegistrationImpl.java:588)
	at org.eclipse.osgi.internal.serviceregistry.ServiceRegistry.getService(ServiceRegistry.java:590)
	at org.eclipse.osgi.internal.framework.BundleContextImpl.getService(BundleContextImpl.java:675)
	at org.eclipse.equinox.console.command.adapter.Activator$CommandCustomizer.addingService(Activator.java:255)
	at org.eclipse.equinox.console.command.adapter.Activator$CommandCustomizer.addingService(Activator.java:1)
	at org.osgi.util.tracker.ServiceTracker$Tracked.customizerAdding(ServiceTracker.java:947)
	at org.osgi.util.tracker.ServiceTracker$Tracked.customizerAdding(ServiceTracker.java:1)
	at org.osgi.util.tracker.AbstractTracked.trackAdding(AbstractTracked.java:257)
	at org.osgi.util.tracker.AbstractTracked.trackInitial(AbstractTracked.java:184)
	at org.osgi.util.tracker.ServiceTracker.open(ServiceTracker.java:324)
	at org.osgi.util.tracker.ServiceTracker.open(ServiceTracker.java:267)
	at org.eclipse.equinox.console.command.adapter.Activator.start(Activator.java:302)
	at org.eclipse.osgi.internal.framework.BundleContextImpl$2.run(BundleContextImpl.java:838)
	at org.eclipse.osgi.internal.framework.BundleContextImpl$2.run(BundleContextImpl.java:1)
	at java.base/java.security.AccessController.doPrivileged(AccessController.java:571)
	at org.eclipse.osgi.internal.framework.BundleContextImpl.startActivator(BundleContextImpl.java:830)
	at org.eclipse.osgi.internal.framework.BundleContextImpl.start(BundleContextImpl.java:780)
	at org.eclipse.osgi.internal.framework.EquinoxBundle.startWorker0(EquinoxBundle.java:1082)
	at org.eclipse.osgi.internal.framework.EquinoxBundle$EquinoxModule.startWorker(EquinoxBundle.java:394)
	at org.eclipse.osgi.container.Module.doStart(Module.java:643)
	at org.eclipse.osgi.container.Module.start(Module.java:500)
	at org.eclipse.osgi.internal.framework.EquinoxBundle.start(EquinoxBundle.java:471)
	at org.eclipse.core.runtime.internal.adaptor.ConsoleManager.checkForConsoleBundle(ConsoleManager.java:75)
	at org.eclipse.core.runtime.adaptor.EclipseStarter.startup(EclipseStarter.java:410)
	at org.eclipse.core.runtime.adaptor.EclipseStarter.run(EclipseStarter.java:294)
	at java.base/jdk.internal.reflect.DirectMethodHandleAccessor.invoke(DirectMethodHandleAccessor.java:103)
	at java.base/java.lang.reflect.Method.invoke(Method.java:580)
	at org.eclipse.equinox.launcher.Main.invokeFramework(Main.java:615)
	at org.eclipse.equinox.launcher.Main.basicRun(Main.java:563)
	at org.eclipse.equinox.launcher.Main.run(Main.java:1415)
	at org.eclipse.equinox.launcher.Main.main(Main.java:1387)
Caused by: java.lang.UnsupportedClassVersionError: com/pi4j/Pi4J has been compiled by a more recent version of the Java Runtime (class file version 69.0), this version of the Java Runtime only recognizes class file versions up to 65.0
	at java.base/java.lang.ClassLoader.defineClass1(Native Method)
	at java.base/java.lang.ClassLoader.defineClass(ClassLoader.java:1027)
	at org.eclipse.osgi.internal.loader.ModuleClassLoader.defineClass(ModuleClassLoader.java:315)
	at org.eclipse.osgi.internal.loader.classpath.ClasspathManager.defineClass(ClasspathManager.java:779)
	at org.eclipse.osgi.internal.loader.classpath.ClasspathManager.findClassImpl(ClasspathManager.java:695)
	at org.eclipse.osgi.internal.loader.classpath.ClasspathManager.findLocalClassImpl(ClasspathManager.java:657)
	at org.eclipse.osgi.internal.loader.classpath.ClasspathManager.findLocalClassImpl(ClasspathManager.java:637)
	at org.eclipse.osgi.internal.loader.classpath.ClasspathManager.findLocalClass(ClasspathManager.java:616)
	at org.eclipse.osgi.internal.loader.ModuleClassLoader.findLocalClass(ModuleClassLoader.java:353)
	at org.eclipse.osgi.internal.loader.BundleLoader.findLocalClass(BundleLoader.java:418)
	at org.eclipse.osgi.internal.loader.BundleLoader.findClass0(BundleLoader.java:527)
	at org.eclipse.osgi.internal.loader.BundleLoader.findClass(BundleLoader.java:439)
	at org.eclipse.osgi.internal.loader.ModuleClassLoader.loadClass(ModuleClassLoader.java:195)
	at java.base/java.lang.ClassLoader.loadClass(ClassLoader.java:526)
	at de.dhbw.pdv.k.rfid.gpio.GPIOCommands.<init>(GPIOCommands.java:19)
	at java.base/jdk.internal.reflect.DirectConstructorHandleAccessor.newInstance(DirectConstructorHandleAccessor.java:62)
	... 44 more
Root exception:
java.lang.UnsupportedClassVersionError: com/pi4j/Pi4J has been compiled by a more recent version of the Java Runtime (class file version 69.0), this version of the Java Runtime only recognizes class file versions up to 65.0
	at java.base/java.lang.ClassLoader.defineClass1(Native Method)
	at java.base/java.lang.ClassLoader.defineClass(ClassLoader.java:1027)
	at org.eclipse.osgi.internal.loader.ModuleClassLoader.defineClass(ModuleClassLoader.java:315)
	at org.eclipse.osgi.internal.loader.classpath.ClasspathManager.defineClass(ClasspathManager.java:779)
	at org.eclipse.osgi.internal.loader.classpath.ClasspathManager.findClassImpl(ClasspathManager.java:695)
	at org.eclipse.osgi.internal.loader.classpath.ClasspathManager.findLocalClassImpl(ClasspathManager.java:657)
	at org.eclipse.osgi.internal.loader.classpath.ClasspathManager.findLocalClassImpl(ClasspathManager.java:637)
	at org.eclipse.osgi.internal.loader.classpath.ClasspathManager.findLocalClass(ClasspathManager.java:616)
	at org.eclipse.osgi.internal.loader.ModuleClassLoader.findLocalClass(ModuleClassLoader.java:353)
	at org.eclipse.osgi.internal.loader.BundleLoader.findLocalClass(BundleLoader.java:418)
	at org.eclipse.osgi.internal.loader.BundleLoader.findClass0(BundleLoader.java:527)
	at org.eclipse.osgi.internal.loader.BundleLoader.findClass(BundleLoader.java:439)
	at org.eclipse.osgi.internal.loader.ModuleClassLoader.loadClass(ModuleClassLoader.java:195)
	at java.base/java.lang.ClassLoader.loadClass(ClassLoader.java:526)
	at de.dhbw.pdv.k.rfid.gpio.GPIOCommands.<init>(GPIOCommands.java:19)
	at java.base/jdk.internal.reflect.DirectConstructorHandleAccessor.newInstance(DirectConstructorHandleAccessor.java:62)
	at java.base/java.lang.reflect.Constructor.newInstanceWithCaller(Constructor.java:502)
	at java.base/java.lang.reflect.Constructor.newInstance(Constructor.java:486)
	at org.apache.felix.scr.impl.inject.internal.ComponentConstructorImpl.newInstance(ComponentConstructorImpl.java:326)
	at org.apache.felix.scr.impl.manager.SingleComponentManager.createImplementationObject(SingleComponentManager.java:286)
	at org.apache.felix.scr.impl.manager.SingleComponentManager.createComponent(SingleComponentManager.java:115)
	at org.apache.felix.scr.impl.manager.SingleComponentManager.getService(SingleComponentManager.java:1002)
	at org.apache.felix.scr.impl.manager.SingleComponentManager.getServiceInternal(SingleComponentManager.java:975)
	at org.apache.felix.scr.impl.manager.SingleComponentManager.getService(SingleComponentManager.java:920)
	at org.eclipse.osgi.internal.serviceregistry.ServiceFactoryUse$1.run(ServiceFactoryUse.java:229)
	at java.base/java.security.AccessController.doPrivileged(AccessController.java:319)
	at org.eclipse.osgi.internal.serviceregistry.ServiceFactoryUse.factoryGetService(ServiceFactoryUse.java:226)
	at org.eclipse.osgi.internal.serviceregistry.ServiceFactoryUse.getService(ServiceFactoryUse.java:120)
	at org.eclipse.osgi.internal.serviceregistry.ServiceConsumer$2.getService(ServiceConsumer.java:48)
	at org.eclipse.osgi.internal.serviceregistry.ServiceRegistrationImpl.getService(ServiceRegistrationImpl.java:588)
	at org.eclipse.osgi.internal.serviceregistry.ServiceRegistry.getService(ServiceRegistry.java:590)
	at org.eclipse.osgi.internal.framework.BundleContextImpl.getService(BundleContextImpl.java:675)
	at org.eclipse.equinox.console.command.adapter.Activator$CommandCustomizer.addingService(Activator.java:255)
	at org.eclipse.equinox.console.command.adapter.Activator$CommandCustomizer.addingService(Activator.java:1)
	at org.osgi.util.tracker.ServiceTracker$Tracked.customizerAdding(ServiceTracker.java:947)
	at org.osgi.util.tracker.ServiceTracker$Tracked.customizerAdding(ServiceTracker.java:1)
	at org.osgi.util.tracker.AbstractTracked.trackAdding(AbstractTracked.java:257)
	at org.osgi.util.tracker.AbstractTracked.trackInitial(AbstractTracked.java:184)
	at org.osgi.util.tracker.ServiceTracker.open(ServiceTracker.java:324)
	at org.osgi.util.tracker.ServiceTracker.open(ServiceTracker.java:267)
	at org.eclipse.equinox.console.command.adapter.Activator.start(Activator.java:302)
	at org.eclipse.osgi.internal.framework.BundleContextImpl$2.run(BundleContextImpl.java:838)
	at org.eclipse.osgi.internal.framework.BundleContextImpl$2.run(BundleContextImpl.java:1)
	at java.base/java.security.AccessController.doPrivileged(AccessController.java:571)
	at org.eclipse.osgi.internal.framework.BundleContextImpl.startActivator(BundleContextImpl.java:830)
	at org.eclipse.osgi.internal.framework.BundleContextImpl.start(BundleContextImpl.java:780)
	at org.eclipse.osgi.internal.framework.EquinoxBundle.startWorker0(EquinoxBundle.java:1082)
	at org.eclipse.osgi.internal.framework.EquinoxBundle$EquinoxModule.startWorker(EquinoxBundle.java:394)
	at org.eclipse.osgi.container.Module.doStart(Module.java:643)
	at org.eclipse.osgi.container.Module.start(Module.java:500)
	at org.eclipse.osgi.internal.framework.EquinoxBundle.start(EquinoxBundle.java:471)
	at org.eclipse.core.runtime.internal.adaptor.ConsoleManager.checkForConsoleBundle(ConsoleManager.java:75)
	at org.eclipse.core.runtime.adaptor.EclipseStarter.startup(EclipseStarter.java:410)
	at org.eclipse.core.runtime.adaptor.EclipseStarter.run(EclipseStarter.java:294)
	at java.base/jdk.internal.reflect.DirectMethodHandleAccessor.invoke(DirectMethodHandleAccessor.java:103)
	at java.base/java.lang.reflect.Method.invoke(Method.java:580)
	at org.eclipse.equinox.launcher.Main.invokeFramework(Main.java:615)
	at org.eclipse.equinox.launcher.Main.basicRun(Main.java:563)
	at org.eclipse.equinox.launcher.Main.run(Main.java:1415)
	at org.eclipse.equinox.launcher.Main.main(Main.java:1387)

!ENTRY de.dhbw.pdv.k.rfid.gpio 4 0 2026-05-05 07:27:44.608
!MESSAGE bundle de.dhbw.pdv.k.rfid.gpio:1.0.0.202605050727 (2)[de.dhbw.pdv.k.rfid.gpio.GPIOCommands(0)] : Error during instantiation of the implementation object
!STACK 0
java.lang.reflect.InvocationTargetException
	at java.base/jdk.internal.reflect.DirectConstructorHandleAccessor.newInstance(DirectConstructorHandleAccessor.java:74)
	at java.base/java.lang.reflect.Constructor.newInstanceWithCaller(Constructor.java:502)
	at java.base/java.lang.reflect.Constructor.newInstance(Constructor.java:486)
	at org.apache.felix.scr.impl.inject.internal.ComponentConstructorImpl.newInstance(ComponentConstructorImpl.java:326)
	at org.apache.felix.scr.impl.manager.SingleComponentManager.createImplementationObject(SingleComponentManager.java:286)
	at org.apache.felix.scr.impl.manager.SingleComponentManager.createComponent(SingleComponentManager.java:115)
	at org.apache.felix.scr.impl.manager.SingleComponentManager.getService(SingleComponentManager.java:1002)
	at org.apache.felix.scr.impl.manager.SingleComponentManager.getServiceInternal(SingleComponentManager.java:975)
	at org.apache.felix.scr.impl.manager.SingleComponentManager.getService(SingleComponentManager.java:920)
	at org.eclipse.osgi.internal.serviceregistry.ServiceFactoryUse$1.run(ServiceFactoryUse.java:229)
	at java.base/java.security.AccessController.doPrivileged(AccessController.java:319)
	at org.eclipse.osgi.internal.serviceregistry.ServiceFactoryUse.factoryGetService(ServiceFactoryUse.java:226)
	at org.eclipse.osgi.internal.serviceregistry.ServiceFactoryUse.getService(ServiceFactoryUse.java:120)
	at org.eclipse.osgi.internal.serviceregistry.ServiceConsumer$2.getService(ServiceConsumer.java:48)
	at org.eclipse.osgi.internal.serviceregistry.ServiceRegistrationImpl.getService(ServiceRegistrationImpl.java:588)
	at org.eclipse.osgi.internal.serviceregistry.ServiceRegistry.getService(ServiceRegistry.java:590)
	at org.eclipse.osgi.internal.framework.BundleContextImpl.getService(BundleContextImpl.java:675)
	at org.eclipse.equinox.console.commands.HelpCommand$CommandProviderCustomizer.addingService(HelpCommand.java:60)
	at org.eclipse.equinox.console.commands.HelpCommand$CommandProviderCustomizer.addingService(HelpCommand.java:1)
	at org.osgi.util.tracker.ServiceTracker$Tracked.customizerAdding(ServiceTracker.java:947)
	at org.osgi.util.tracker.ServiceTracker$Tracked.customizerAdding(ServiceTracker.java:1)
	at org.osgi.util.tracker.AbstractTracked.trackAdding(AbstractTracked.java:257)
	at org.osgi.util.tracker.AbstractTracked.trackInitial(AbstractTracked.java:184)
	at org.osgi.util.tracker.ServiceTracker.open(ServiceTracker.java:324)
	at org.osgi.util.tracker.ServiceTracker.open(ServiceTracker.java:267)
	at org.eclipse.equinox.console.commands.HelpCommand.<init>(HelpCommand.java:84)
	at org.eclipse.equinox.console.command.adapter.Activator.start(Activator.java:320)
	at org.eclipse.osgi.internal.framework.BundleContextImpl$2.run(BundleContextImpl.java:838)
	at org.eclipse.osgi.internal.framework.BundleContextImpl$2.run(BundleContextImpl.java:1)
	at java.base/java.security.AccessController.doPrivileged(AccessController.java:571)
	at org.eclipse.osgi.internal.framework.BundleContextImpl.startActivator(BundleContextImpl.java:830)
	at org.eclipse.osgi.internal.framework.BundleContextImpl.start(BundleContextImpl.java:780)
	at org.eclipse.osgi.internal.framework.EquinoxBundle.startWorker0(EquinoxBundle.java:1082)
	at org.eclipse.osgi.internal.framework.EquinoxBundle$EquinoxModule.startWorker(EquinoxBundle.java:394)
	at org.eclipse.osgi.container.Module.doStart(Module.java:643)
	at org.eclipse.osgi.container.Module.start(Module.java:500)
	at org.eclipse.osgi.internal.framework.EquinoxBundle.start(EquinoxBundle.java:471)
	at org.eclipse.core.runtime.internal.adaptor.ConsoleManager.checkForConsoleBundle(ConsoleManager.java:75)
	at org.eclipse.core.runtime.adaptor.EclipseStarter.startup(EclipseStarter.java:410)
	at org.eclipse.core.runtime.adaptor.EclipseStarter.run(EclipseStarter.java:294)
	at java.base/jdk.internal.reflect.DirectMethodHandleAccessor.invoke(DirectMethodHandleAccessor.java:103)
	at java.base/java.lang.reflect.Method.invoke(Method.java:580)
	at org.eclipse.equinox.launcher.Main.invokeFramework(Main.java:615)
	at org.eclipse.equinox.launcher.Main.basicRun(Main.java:563)
	at org.eclipse.equinox.launcher.Main.run(Main.java:1415)
	at org.eclipse.equinox.launcher.Main.main(Main.java:1387)
Caused by: java.lang.UnsupportedClassVersionError: com/pi4j/Pi4J has been compiled by a more recent version of the Java Runtime (class file version 69.0), this version of the Java Runtime only recognizes class file versions up to 65.0
	at de.dhbw.pdv.k.rfid.gpio.GPIOCommands.<init>(GPIOCommands.java:19)
	at java.base/jdk.internal.reflect.DirectConstructorHandleAccessor.newInstance(DirectConstructorHandleAccessor.java:62)
	... 45 more
Root exception:
java.lang.UnsupportedClassVersionError: com/pi4j/Pi4J has been compiled by a more recent version of the Java Runtime (class file version 69.0), this version of the Java Runtime only recognizes class file versions up to 65.0
	at de.dhbw.pdv.k.rfid.gpio.GPIOCommands.<init>(GPIOCommands.java:19)
	at java.base/jdk.internal.reflect.DirectConstructorHandleAccessor.newInstance(DirectConstructorHandleAccessor.java:62)
	at java.base/java.lang.reflect.Constructor.newInstanceWithCaller(Constructor.java:502)
	at java.base/java.lang.reflect.Constructor.newInstance(Constructor.java:486)
	at org.apache.felix.scr.impl.inject.internal.ComponentConstructorImpl.newInstance(ComponentConstructorImpl.java:326)
	at org.apache.felix.scr.impl.manager.SingleComponentManager.createImplementationObject(SingleComponentManager.java:286)
	at org.apache.felix.scr.impl.manager.SingleComponentManager.createComponent(SingleComponentManager.java:115)
	at org.apache.felix.scr.impl.manager.SingleComponentManager.getService(SingleComponentManager.java:1002)
	at org.apache.felix.scr.impl.manager.SingleComponentManager.getServiceInternal(SingleComponentManager.java:975)
	at org.apache.felix.scr.impl.manager.SingleComponentManager.getService(SingleComponentManager.java:920)
	at org.eclipse.osgi.internal.serviceregistry.ServiceFactoryUse$1.run(ServiceFactoryUse.java:229)
	at java.base/java.security.AccessController.doPrivileged(AccessController.java:319)
	at org.eclipse.osgi.internal.serviceregistry.ServiceFactoryUse.factoryGetService(ServiceFactoryUse.java:226)
	at org.eclipse.osgi.internal.serviceregistry.ServiceFactoryUse.getService(ServiceFactoryUse.java:120)
	at org.eclipse.osgi.internal.serviceregistry.ServiceConsumer$2.getService(ServiceConsumer.java:48)
	at org.eclipse.osgi.internal.serviceregistry.ServiceRegistrationImpl.getService(ServiceRegistrationImpl.java:588)
	at org.eclipse.osgi.internal.serviceregistry.ServiceRegistry.getService(ServiceRegistry.java:590)
	at org.eclipse.osgi.internal.framework.BundleContextImpl.getService(BundleContextImpl.java:675)
	at org.eclipse.equinox.console.commands.HelpCommand$CommandProviderCustomizer.addingService(HelpCommand.java:60)
	at org.eclipse.equinox.console.commands.HelpCommand$CommandProviderCustomizer.addingService(HelpCommand.java:1)
	at org.osgi.util.tracker.ServiceTracker$Tracked.customizerAdding(ServiceTracker.java:947)
	at org.osgi.util.tracker.ServiceTracker$Tracked.customizerAdding(ServiceTracker.java:1)
	at org.osgi.util.tracker.AbstractTracked.trackAdding(AbstractTracked.java:257)
	at org.osgi.util.tracker.AbstractTracked.trackInitial(AbstractTracked.java:184)
	at org.osgi.util.tracker.ServiceTracker.open(ServiceTracker.java:324)
	at org.osgi.util.tracker.ServiceTracker.open(ServiceTracker.java:267)
	at org.eclipse.equinox.console.commands.HelpCommand.<init>(HelpCommand.java:84)
	at org.eclipse.equinox.console.command.adapter.Activator.start(Activator.java:320)
	at org.eclipse.osgi.internal.framework.BundleContextImpl$2.run(BundleContextImpl.java:838)
	at org.eclipse.osgi.internal.framework.BundleContextImpl$2.run(BundleContextImpl.java:1)
	at java.base/java.security.AccessController.doPrivileged(AccessController.java:571)
	at org.eclipse.osgi.internal.framework.BundleContextImpl.startActivator(BundleContextImpl.java:830)
	at org.eclipse.osgi.internal.framework.BundleContextImpl.start(BundleContextImpl.java:780)
	at org.eclipse.osgi.internal.framework.EquinoxBundle.startWorker0(EquinoxBundle.java:1082)
	at org.eclipse.osgi.internal.framework.EquinoxBundle$EquinoxModule.startWorker(EquinoxBundle.java:394)
	at org.eclipse.osgi.container.Module.doStart(Module.java:643)
	at org.eclipse.osgi.container.Module.start(Module.java:500)
	at org.eclipse.osgi.internal.framework.EquinoxBundle.start(EquinoxBundle.java:471)
	at org.eclipse.core.runtime.internal.adaptor.ConsoleManager.checkForConsoleBundle(ConsoleManager.java:75)
	at org.eclipse.core.runtime.adaptor.EclipseStarter.startup(EclipseStarter.java:410)
	at org.eclipse.core.runtime.adaptor.EclipseStarter.run(EclipseStarter.java:294)
	at java.base/jdk.internal.reflect.DirectMethodHandleAccessor.invoke(DirectMethodHandleAccessor.java:103)
	at java.base/java.lang.reflect.Method.invoke(Method.java:580)
	at org.eclipse.equinox.launcher.Main.invokeFramework(Main.java:615)
	at org.eclipse.equinox.launcher.Main.basicRun(Main.java:563)
	at org.eclipse.equinox.launcher.Main.run(Main.java:1415)
	at org.eclipse.equinox.launcher.Main.main(Main.java:1387)
